<?xml version="1.0" encoding="UTF-8"?>
<!-- Generated by org.testng.reporters.JUnitReportReporter -->
<testsuite hostname="LAPTOP-EEAS1CV9" failures="0" tests="1" name="testscripts.CreateUserTest" time="4.153" errors="0" timestamp="17 Sept 2024 06:28:09 GMT" skipped="0">
  <testcase classname="testscripts.CreateUserTest" name="createNewUser" time="4.153"/>
</testsuite> <!-- testscripts.CreateUserTest -->
