<?xml version="1.0" encoding="UTF-8"?>
<!-- Generated by org.testng.reporters.JUnitReportReporter -->
<testsuite hostname="LAPTOP-EEAS1CV9" failures="0" tests="1" name="testscripts.ValidLoginTest" time="5.401" errors="0" timestamp="12 Sept 2024 07:03:21 GMT" skipped="0">
  <testcase classname="testscripts.ValidLoginTest" name="login" time="5.401"/>
</testsuite> <!-- testscripts.ValidLoginTest -->
