<?xml version="1.0" encoding="UTF-8"?>
<!-- Generated by org.testng.reporters.JUnitReportReporter -->
<testsuite hostname="LAPTOP-EEAS1CV9" failures="0" tests="1" name="testscripts.InvalidLoginTest" time="1.838" errors="0" timestamp="13 Sept 2024 07:25:08 GMT" skipped="0">
  <testcase classname="testscripts.InvalidLoginTest" name="invalidLogin" time="1.838"/>
</testsuite> <!-- testscripts.InvalidLoginTest -->
